<?xml version="1.0" encoding="UTF-8"?>
<testsuite xmlns:xsi="http://www.w3.org/2001/XMLSchema-instance" xsi:schemaLocation="https://maven.apache.org/surefire/maven-surefire-plugin/xsd/surefire-test-report.xsd" name="TestSuite" time="144.139" tests="5" errors="0" skipped="0" failures="3">
  <properties>
[...]
</properties>
  <testcase name="testMy2automaredTestCase on testMy2automaredTestCase(My2automaredTestCase)" classname="My2automaredTestCase" time="29.314"/>
  <testcase name="test on test(Test1)" classname="Test1" time="20.779">
    <failure message="Could not start a new session. Possible causes are invalid address of the remote server or browser start-up failure.&#10;Build info: version: &apos;2.53.1&apos;, revision: &apos;a36b8b1cd5757287168e54b817830adce9b0158d&apos;, time: &apos;2016-06-30 19:26:09&apos;&#10;System info: host: &apos;LAPTOP-BO572FC6&apos;, ip: &apos;192.168.1.128&apos;, os.name: &apos;Windows 10&apos;, os.arch: &apos;amd64&apos;, os.version: &apos;10.0&apos;, java.version: &apos;1.8.0_121&apos;&#10;Driver info: driver.version: EdgeDriver" type="org.openqa.selenium.remote.UnreachableBrowserException">org.openqa.selenium.remote.UnreachableBrowserException: 
Could not start a new session. Possible causes are invalid address of the remote server or browser start-up failure.
Build info: version: '2.53.1', revision: 'a36b8b1cd5757287168e54b817830adce9b0158d', time: '2016-06-30 19:26:09'
System info: host: 'LAPTOP-BO572FC6', ip: '192.168.1.128', os.name: 'Windows 10', os.arch: 'amd64', os.version: '10.0', java.version: '1.8.0_121'
Driver info: driver.version: EdgeDriver
	at Test1.setup(Test1.java:49)
Caused by: org.openqa.selenium.WebDriverException: 
Timed out waiting for driver server to start.
Build info: version: '2.53.1', revision: 'a36b8b1cd5757287168e54b817830adce9b0158d', time: '2016-06-30 19:26:09'
System info: host: 'LAPTOP-BO572FC6', ip: '192.168.1.128', os.name: 'Windows 10', os.arch: 'amd64', os.version: '10.0', java.version: '1.8.0_121'
Driver info: driver.version: EdgeDriver
	at Test1.setup(Test1.java:49)
Caused by: org.openqa.selenium.net.UrlChecker$TimeoutException: Timed out waiting for [http://localhost:4976/status] to be available after 20015 ms
	at Test1.setup(Test1.java:49)
Caused by: com.google.common.util.concurrent.UncheckedTimeoutException: java.util.concurrent.TimeoutException
	at Test1.setup(Test1.java:49)
Caused by: java.util.concurrent.TimeoutException
	at Test1.setup(Test1.java:49)
</failure>
    <system-out><![CDATA[Starting driver...
Quitting driver...
]]></system-out>
    <system-err><![CDATA[May 20, 2017 5:11:08 PM org.openqa.selenium.os.UnixProcess checkForError
SEVERE: org.apache.commons.exec.ExecuteException: Process exited with an error: -1073741515 (Exit value: -1073741515)
]]></system-err>
  </testcase>
  <testcase name="test on test(Test1)" classname="Test1" time="20.779">
    <failure type="java.lang.NullPointerException">java.lang.NullPointerException
	at Test1.close(Test1.java:62)
</failure>
  </testcase>
  <testcase name="test1 on test1(Test2)" classname="Test2" time="26.186">
    <failure message="There is 13 not 12 as expected expected:&lt;12&gt; but was:&lt;13&gt;" type="java.lang.AssertionError"><![CDATA[java.lang.AssertionError: There is 13 not 12 as expected expected:<12> but was:<13>
	at Test2.test1(Test2.java:81)
]]></failure>
    <system-out><![CDATA[Starting driver...
Quitting driver...
]]></system-out>
    <system-err><![CDATA[Starting ChromeDriver 2.29.461591 (62ebf098771772160f391d75e589dc567915b233) on port 39617
Only local connections are allowed.
]]></system-err>
  </testcase>
  <testcase name="test2 on test2(Test2)" classname="Test2" time="67.379"/>
</testsuite>